{
  "RSpec": {
    "coverage": {
      "/home/selvy/Documents/gigih/intermediate-gigih/app/integer_array_incrementer.rb": {
        "lines": [
          1,
          1,
          7,
          null,
          7,
          7,
          null,
          7,
          7,
          7,
          11,
          11,
          7,
          null,
          4,
          null,
          null,
          11,
          11,
          7,
          null,
          4,
          4,
          null,
          null,
          null,
          null,
          7,
          2,
          null,
          null,
          7,
          null,
          null
        ]
      }
    },
    "timestamp": 1627491413
  }
}
