{
  "RSpec": {
    "coverage": {
      "/home/selvy/Documents/gigih/intermediate-gigih/app/integer_array_incrementer.rb": {
        "lines": [
          1,
          1,
          5,
          5,
          5,
          3,
          2,
          null,
          1,
          null,
          null,
          2,
          2,
          1,
          null,
          1,
          1,
          null,
          null,
          5,
          null,
          null
        ]
      }
    },
    "timestamp": 1627475571
  }
}
